------------------------------------------------------------------------------------------------------------------------

[2016-05-03 10:23:21 #1 explorer] 
[ObjectDB 2.6.7_05] javax.persistence.PersistenceException
Attempt to open a database file 'C:\Users\Pierre\OneDrive\ISEP\Technologies Web\ManageMyProject\build\web\WEB-INF\db\guests.odb' that is currently in use by another process (error 141)
	at com.objectdb.Explorer$1.run(Explorer.java:57)
	at java.awt.event.InvocationEvent.dispatch(Unknown Source)
	at java.awt.EventQueue.dispatchEventImpl(Unknown Source)
	at java.awt.EventQueue.access$500(Unknown Source)
	at java.awt.EventQueue$3.run(Unknown Source)
	at java.awt.EventQueue$3.run(Unknown Source)
	at java.security.AccessController.doPrivileged(Native Method)
	at java.security.ProtectionDomain$JavaSecurityAccessImpl.doIntersectionPrivilege(Unknown Source)
	at java.awt.EventQueue.dispatchEvent(Unknown Source)
	at java.awt.EventDispatchThread.pumpOneEventForFilters(Unknown Source)
	at java.awt.EventDispatchThread.pumpEventsForFilter(Unknown Source)
	at java.awt.EventDispatchThread.pumpEventsForHierarchy(Unknown Source)
	at java.awt.EventDispatchThread.pumpEvents(Unknown Source)
	at java.awt.EventDispatchThread.pumpEvents(Unknown Source)
	at java.awt.EventDispatchThread.run(Unknown Source)
Caused by: com.objectdb.o.UserException: Attempt to open a database file 'C:\Users\Pierre\OneDrive\ISEP\Technologies Web\ManageMyProject\build\web\WEB-INF\db\guests.odb' that is currently in use by another process
	at com.objectdb.o.MSG.d(MSG.java:62)
	at com.objectdb.o.LFL.G(LFL.java:939)
	at com.objectdb.o.LFL.B(LFL.java:885)
	at com.objectdb.o.LFL.B(LFL.java:794)
	at com.objectdb.o.SFL.<init>(SFL.java:235)
	at com.objectdb.o.MST.<init>(MST.java:123)
	at com.objectdb.o.MST.aN(MST.java:105)
	at com.objectdb.o.MSF.Vf(MSF.java:188)
	at com.objectdb.o.OMF.ao(OMF.java:779)
	at com.objectdb.jpa.EMF.ao(EMF.java:238)
	at com.objectdb.o.OMF.an(OMF.java:690)
	at com.objectdb.jpa.EMF.createEntityManager(EMF.java:257)
	... 17 more

------------------------------------------------------------------------------------------------------------------------

[2016-05-03 10:23:46 #1 explorer] 
[ObjectDB 2.6.7_05] javax.persistence.PersistenceException
Attempt to open a database file 'C:\Users\Pierre\OneDrive\ISEP\Technologies Web\ManageMyProject\build\web\WEB-INF\db\guests.odb' that is currently in use by another process (error 141)
	at com.objectdb.Explorer$1.run(Explorer.java:57)
	at java.awt.event.InvocationEvent.dispatch(Unknown Source)
	at java.awt.EventQueue.dispatchEventImpl(Unknown Source)
	at java.awt.EventQueue.access$500(Unknown Source)
	at java.awt.EventQueue$3.run(Unknown Source)
	at java.awt.EventQueue$3.run(Unknown Source)
	at java.security.AccessController.doPrivileged(Native Method)
	at java.security.ProtectionDomain$JavaSecurityAccessImpl.doIntersectionPrivilege(Unknown Source)
	at java.awt.EventQueue.dispatchEvent(Unknown Source)
	at java.awt.EventDispatchThread.pumpOneEventForFilters(Unknown Source)
	at java.awt.EventDispatchThread.pumpEventsForFilter(Unknown Source)
	at java.awt.EventDispatchThread.pumpEventsForHierarchy(Unknown Source)
	at java.awt.EventDispatchThread.pumpEvents(Unknown Source)
	at java.awt.EventDispatchThread.pumpEvents(Unknown Source)
	at java.awt.EventDispatchThread.run(Unknown Source)
Caused by: com.objectdb.o.UserException: Attempt to open a database file 'C:\Users\Pierre\OneDrive\ISEP\Technologies Web\ManageMyProject\build\web\WEB-INF\db\guests.odb' that is currently in use by another process
	at com.objectdb.o.MSG.d(MSG.java:62)
	at com.objectdb.o.LFL.G(LFL.java:939)
	at com.objectdb.o.LFL.B(LFL.java:885)
	at com.objectdb.o.LFL.B(LFL.java:794)
	at com.objectdb.o.SFL.<init>(SFL.java:235)
	at com.objectdb.o.MST.<init>(MST.java:123)
	at com.objectdb.o.MST.aN(MST.java:105)
	at com.objectdb.o.MSF.Vf(MSF.java:188)
	at com.objectdb.o.OMF.ao(OMF.java:779)
	at com.objectdb.jpa.EMF.ao(EMF.java:238)
	at com.objectdb.o.OMF.an(OMF.java:690)
	at com.objectdb.jpa.EMF.createEntityManager(EMF.java:257)
	... 17 more

------------------------------------------------------------------------------------------------------------------------

[2016-05-03 10:24:21 #1 explorer] 
[ObjectDB 2.6.7_05] javax.persistence.PersistenceException
Attempt to open a database file 'C:\Users\Pierre\OneDrive\ISEP\Technologies Web\ManageMyProject\build\web\WEB-INF\db\guests.odb' that is currently in use by another process (error 141)
	at com.objectdb.Explorer$1.run(Explorer.java:57)
	at java.awt.event.InvocationEvent.dispatch(Unknown Source)
	at java.awt.EventQueue.dispatchEventImpl(Unknown Source)
	at java.awt.EventQueue.access$500(Unknown Source)
	at java.awt.EventQueue$3.run(Unknown Source)
	at java.awt.EventQueue$3.run(Unknown Source)
	at java.security.AccessController.doPrivileged(Native Method)
	at java.security.ProtectionDomain$JavaSecurityAccessImpl.doIntersectionPrivilege(Unknown Source)
	at java.awt.EventQueue.dispatchEvent(Unknown Source)
	at java.awt.EventDispatchThread.pumpOneEventForFilters(Unknown Source)
	at java.awt.EventDispatchThread.pumpEventsForFilter(Unknown Source)
	at java.awt.EventDispatchThread.pumpEventsForHierarchy(Unknown Source)
	at java.awt.EventDispatchThread.pumpEvents(Unknown Source)
	at java.awt.EventDispatchThread.pumpEvents(Unknown Source)
	at java.awt.EventDispatchThread.run(Unknown Source)
Caused by: com.objectdb.o.UserException: Attempt to open a database file 'C:\Users\Pierre\OneDrive\ISEP\Technologies Web\ManageMyProject\build\web\WEB-INF\db\guests.odb' that is currently in use by another process
	at com.objectdb.o.MSG.d(MSG.java:62)
	at com.objectdb.o.LFL.G(LFL.java:939)
	at com.objectdb.o.LFL.B(LFL.java:885)
	at com.objectdb.o.LFL.B(LFL.java:794)
	at com.objectdb.o.SFL.<init>(SFL.java:235)
	at com.objectdb.o.MST.<init>(MST.java:123)
	at com.objectdb.o.MST.aN(MST.java:105)
	at com.objectdb.o.MSF.Vf(MSF.java:188)
	at com.objectdb.o.OMF.ao(OMF.java:779)
	at com.objectdb.jpa.EMF.ao(EMF.java:238)
	at com.objectdb.o.OMF.an(OMF.java:690)
	at com.objectdb.jpa.EMF.createEntityManager(EMF.java:257)
	... 17 more

------------------------------------------------------------------------------------------------------------------------

[2016-05-03 10:38:10 #1 explorer] 
[ObjectDB 2.6.7_05] javax.persistence.PersistenceException
Attempt to open a database file 'C:\Users\Pierre\OneDrive\ISEP\Technologies Web\ManageMyProject\build\web\WEB-INF\db\managemyproject.odb' that is currently in use by another process (error 141)
	at com.objectdb.Explorer$1.run(Explorer.java:57)
	at java.awt.event.InvocationEvent.dispatch(Unknown Source)
	at java.awt.EventQueue.dispatchEventImpl(Unknown Source)
	at java.awt.EventQueue.access$500(Unknown Source)
	at java.awt.EventQueue$3.run(Unknown Source)
	at java.awt.EventQueue$3.run(Unknown Source)
	at java.security.AccessController.doPrivileged(Native Method)
	at java.security.ProtectionDomain$JavaSecurityAccessImpl.doIntersectionPrivilege(Unknown Source)
	at java.awt.EventQueue.dispatchEvent(Unknown Source)
	at java.awt.EventDispatchThread.pumpOneEventForFilters(Unknown Source)
	at java.awt.EventDispatchThread.pumpEventsForFilter(Unknown Source)
	at java.awt.EventDispatchThread.pumpEventsForHierarchy(Unknown Source)
	at java.awt.EventDispatchThread.pumpEvents(Unknown Source)
	at java.awt.EventDispatchThread.pumpEvents(Unknown Source)
	at java.awt.EventDispatchThread.run(Unknown Source)
Caused by: com.objectdb.o.UserException: Attempt to open a database file 'C:\Users\Pierre\OneDrive\ISEP\Technologies Web\ManageMyProject\build\web\WEB-INF\db\managemyproject.odb' that is currently in use by another process
	at com.objectdb.o.MSG.d(MSG.java:62)
	at com.objectdb.o.LFL.G(LFL.java:939)
	at com.objectdb.o.LFL.B(LFL.java:885)
	at com.objectdb.o.LFL.B(LFL.java:794)
	at com.objectdb.o.SFL.<init>(SFL.java:235)
	at com.objectdb.o.MST.<init>(MST.java:123)
	at com.objectdb.o.MST.aN(MST.java:105)
	at com.objectdb.o.MSF.Vf(MSF.java:188)
	at com.objectdb.o.OMF.ao(OMF.java:779)
	at com.objectdb.jpa.EMF.ao(EMF.java:238)
	at com.objectdb.o.OMF.an(OMF.java:690)
	at com.objectdb.jpa.EMF.createEntityManager(EMF.java:257)
	... 17 more

------------------------------------------------------------------------------------------------------------------------

[2016-05-03 10:38:36 #1 explorer] 
[ObjectDB 2.6.7_05] javax.persistence.PersistenceException
Attempt to open a database file 'C:\Users\Pierre\OneDrive\ISEP\Technologies Web\ManageMyProject\build\web\WEB-INF\db\managemyproject.odb' that is currently in use by another process (error 141)
	at com.objectdb.Explorer$1.run(Explorer.java:57)
	at java.awt.event.InvocationEvent.dispatch(Unknown Source)
	at java.awt.EventQueue.dispatchEventImpl(Unknown Source)
	at java.awt.EventQueue.access$500(Unknown Source)
	at java.awt.EventQueue$3.run(Unknown Source)
	at java.awt.EventQueue$3.run(Unknown Source)
	at java.security.AccessController.doPrivileged(Native Method)
	at java.security.ProtectionDomain$JavaSecurityAccessImpl.doIntersectionPrivilege(Unknown Source)
	at java.awt.EventQueue.dispatchEvent(Unknown Source)
	at java.awt.EventDispatchThread.pumpOneEventForFilters(Unknown Source)
	at java.awt.EventDispatchThread.pumpEventsForFilter(Unknown Source)
	at java.awt.EventDispatchThread.pumpEventsForHierarchy(Unknown Source)
	at java.awt.EventDispatchThread.pumpEvents(Unknown Source)
	at java.awt.EventDispatchThread.pumpEvents(Unknown Source)
	at java.awt.EventDispatchThread.run(Unknown Source)
Caused by: com.objectdb.o.UserException: Attempt to open a database file 'C:\Users\Pierre\OneDrive\ISEP\Technologies Web\ManageMyProject\build\web\WEB-INF\db\managemyproject.odb' that is currently in use by another process
	at com.objectdb.o.MSG.d(MSG.java:62)
	at com.objectdb.o.LFL.G(LFL.java:939)
	at com.objectdb.o.LFL.B(LFL.java:885)
	at com.objectdb.o.LFL.B(LFL.java:794)
	at com.objectdb.o.SFL.<init>(SFL.java:235)
	at com.objectdb.o.MST.<init>(MST.java:123)
	at com.objectdb.o.MST.aN(MST.java:105)
	at com.objectdb.o.MSF.Vf(MSF.java:188)
	at com.objectdb.o.OMF.ao(OMF.java:779)
	at com.objectdb.jpa.EMF.ao(EMF.java:238)
	at com.objectdb.o.OMF.an(OMF.java:690)
	at com.objectdb.jpa.EMF.createEntityManager(EMF.java:257)
	... 17 more

------------------------------------------------------------------------------------------------------------------------

[2016-05-03 10:38:53 #1 explorer] 
[ObjectDB 2.6.7_05] javax.persistence.PersistenceException
Attempt to open a database file 'C:\Users\Pierre\OneDrive\ISEP\Technologies Web\ManageMyProject\build\web\WEB-INF\db\managemyproject.odb' that is currently in use by another process (error 141)
	at com.objectdb.Explorer$1.run(Explorer.java:57)
	at java.awt.event.InvocationEvent.dispatch(Unknown Source)
	at java.awt.EventQueue.dispatchEventImpl(Unknown Source)
	at java.awt.EventQueue.access$500(Unknown Source)
	at java.awt.EventQueue$3.run(Unknown Source)
	at java.awt.EventQueue$3.run(Unknown Source)
	at java.security.AccessController.doPrivileged(Native Method)
	at java.security.ProtectionDomain$JavaSecurityAccessImpl.doIntersectionPrivilege(Unknown Source)
	at java.awt.EventQueue.dispatchEvent(Unknown Source)
	at java.awt.EventDispatchThread.pumpOneEventForFilters(Unknown Source)
	at java.awt.EventDispatchThread.pumpEventsForFilter(Unknown Source)
	at java.awt.EventDispatchThread.pumpEventsForHierarchy(Unknown Source)
	at java.awt.EventDispatchThread.pumpEvents(Unknown Source)
	at java.awt.EventDispatchThread.pumpEvents(Unknown Source)
	at java.awt.EventDispatchThread.run(Unknown Source)
Caused by: com.objectdb.o.UserException: Attempt to open a database file 'C:\Users\Pierre\OneDrive\ISEP\Technologies Web\ManageMyProject\build\web\WEB-INF\db\managemyproject.odb' that is currently in use by another process
	at com.objectdb.o.MSG.d(MSG.java:62)
	at com.objectdb.o.LFL.G(LFL.java:939)
	at com.objectdb.o.LFL.B(LFL.java:885)
	at com.objectdb.o.LFL.B(LFL.java:794)
	at com.objectdb.o.SFL.<init>(SFL.java:235)
	at com.objectdb.o.MST.<init>(MST.java:123)
	at com.objectdb.o.MST.aN(MST.java:105)
	at com.objectdb.o.MSF.Vf(MSF.java:188)
	at com.objectdb.o.OMF.ao(OMF.java:779)
	at com.objectdb.jpa.EMF.ao(EMF.java:238)
	at com.objectdb.o.OMF.an(OMF.java:690)
	at com.objectdb.jpa.EMF.createEntityManager(EMF.java:257)
	... 17 more

